  [1m[35m (199.5ms)[0m  [1m[35mCREATE DATABASE "sleepster_development" ENCODING = 'unicode'[0m
  ↳ bin/rails:9
  [1m[35m (76.1ms)[0m  [1m[35mCREATE DATABASE "sleepster_test" ENCODING = 'unicode'[0m
  ↳ bin/rails:9
  [1m[35m (28.7ms)[0m  [1m[35mCREATE TABLE "schema_migrations" ("version" character varying NOT NULL PRIMARY KEY)[0m
  ↳ bin/rails:9
  [1m[35m (3.8ms)[0m  [1m[35mCREATE TABLE "ar_internal_metadata" ("key" character varying NOT NULL PRIMARY KEY, "value" character varying, "created_at" timestamp NOT NULL, "updated_at" timestamp NOT NULL)[0m
  ↳ bin/rails:9
  [1m[35m (0.2ms)[0m  [1m[34mSELECT pg_try_advisory_lock(5012713500200211225)[0m
  ↳ bin/rails:9
  [1m[35m (0.6ms)[0m  [1m[34mSELECT "schema_migrations"."version" FROM "schema_migrations" ORDER BY "schema_migrations"."version" ASC[0m
  ↳ bin/rails:9
Migrating to CreateUsers (20210304023403)
  [1m[35m (0.1ms)[0m  [1m[35mBEGIN[0m
  ↳ bin/rails:9
  [1m[35m (15.9ms)[0m  [1m[35mCREATE TABLE "users" ("id" bigserial primary key, "email" character varying NOT NULL, "password_digest" character varying NOT NULL, "session_token" character varying NOT NULL, "created_at" timestamp NOT NULL, "updated_at" timestamp NOT NULL)[0m
  ↳ db/migrate/20210304023403_create_users.rb:3
  [1m[35m (0.8ms)[0m  [1m[35mCREATE UNIQUE INDEX  "index_users_on_email" ON "users"  ("email")[0m
  ↳ db/migrate/20210304023403_create_users.rb:11
  [1m[35m (0.9ms)[0m  [1m[35mCREATE UNIQUE INDEX  "index_users_on_session_token" ON "users"  ("session_token")[0m
  ↳ db/migrate/20210304023403_create_users.rb:12
  [1m[36mActiveRecord::SchemaMigration Create (0.5ms)[0m  [1m[32mINSERT INTO "schema_migrations" ("version") VALUES ($1) RETURNING "version"[0m  [["version", "20210304023403"]]
  ↳ bin/rails:9
  [1m[35m (0.3ms)[0m  [1m[35mCOMMIT[0m
  ↳ bin/rails:9
  [1m[36mActiveRecord::InternalMetadata Load (0.4ms)[0m  [1m[34mSELECT  "ar_internal_metadata".* FROM "ar_internal_metadata" WHERE "ar_internal_metadata"."key" = $1 LIMIT $2[0m  [["key", "environment"], ["LIMIT", 1]]
  ↳ bin/rails:9
  [1m[35m (0.2ms)[0m  [1m[35mBEGIN[0m
  ↳ bin/rails:9
  [1m[36mActiveRecord::InternalMetadata Create (0.6ms)[0m  [1m[32mINSERT INTO "ar_internal_metadata" ("key", "value", "created_at", "updated_at") VALUES ($1, $2, $3, $4) RETURNING "key"[0m  [["key", "environment"], ["value", "development"], ["created_at", "2021-03-04 02:40:07.050541"], ["updated_at", "2021-03-04 02:40:07.050541"]]
  ↳ bin/rails:9
  [1m[35m (0.4ms)[0m  [1m[35mCOMMIT[0m
  ↳ bin/rails:9
  [1m[35m (0.2ms)[0m  [1m[34mSELECT pg_advisory_unlock(5012713500200211225)[0m
  ↳ bin/rails:9
  [1m[35m (0.5ms)[0m  [1m[34mSELECT "schema_migrations"."version" FROM "schema_migrations" ORDER BY "schema_migrations"."version" ASC[0m
  ↳ bin/rails:9
Started GET "/" for ::1 at 2021-03-03 20:36:17 -0800
  [1m[35m (1.2ms)[0m  [1m[34mSELECT "schema_migrations"."version" FROM "schema_migrations" ORDER BY "schema_migrations"."version" ASC[0m
  ↳ /Users/michaellyons/.rbenv/versions/2.5.1/lib/ruby/gems/2.5.0/gems/activerecord-5.2.4.5/lib/active_record/log_subscriber.rb:98
Processing by Rails::WelcomeController#index as HTML
  Rendering /Users/michaellyons/.rbenv/versions/2.5.1/lib/ruby/gems/2.5.0/gems/railties-5.2.4.5/lib/rails/templates/rails/welcome/index.html.erb
  Rendered /Users/michaellyons/.rbenv/versions/2.5.1/lib/ruby/gems/2.5.0/gems/railties-5.2.4.5/lib/rails/templates/rails/welcome/index.html.erb (3.5ms)
Completed 200 OK in 21ms (Views: 10.8ms | ActiveRecord: 0.0ms)


Started GET "/users" for ::1 at 2021-03-03 20:36:23 -0800
  
ActionController::RoutingError (No route matches [GET] "/users"):
  
actionpack (5.2.4.5) lib/action_dispatch/middleware/debug_exceptions.rb:65:in `call'
web-console (3.7.0) lib/web_console/middleware.rb:135:in `call_app'
web-console (3.7.0) lib/web_console/middleware.rb:30:in `block in call'
web-console (3.7.0) lib/web_console/middleware.rb:20:in `catch'
web-console (3.7.0) lib/web_console/middleware.rb:20:in `call'
actionpack (5.2.4.5) lib/action_dispatch/middleware/show_exceptions.rb:33:in `call'
railties (5.2.4.5) lib/rails/rack/logger.rb:38:in `call_app'
railties (5.2.4.5) lib/rails/rack/logger.rb:26:in `block in call'
activesupport (5.2.4.5) lib/active_support/tagged_logging.rb:71:in `block in tagged'
activesupport (5.2.4.5) lib/active_support/tagged_logging.rb:28:in `tagged'
activesupport (5.2.4.5) lib/active_support/tagged_logging.rb:71:in `tagged'
railties (5.2.4.5) lib/rails/rack/logger.rb:26:in `call'
sprockets-rails (3.2.2) lib/sprockets/rails/quiet_assets.rb:13:in `call'
actionpack (5.2.4.5) lib/action_dispatch/middleware/remote_ip.rb:81:in `call'
actionpack (5.2.4.5) lib/action_dispatch/middleware/request_id.rb:27:in `call'
rack (2.2.3) lib/rack/method_override.rb:24:in `call'
rack (2.2.3) lib/rack/runtime.rb:22:in `call'
activesupport (5.2.4.5) lib/active_support/cache/strategy/local_cache_middleware.rb:29:in `call'
actionpack (5.2.4.5) lib/action_dispatch/middleware/executor.rb:14:in `call'
actionpack (5.2.4.5) lib/action_dispatch/middleware/static.rb:127:in `call'
rack (2.2.3) lib/rack/sendfile.rb:110:in `call'
railties (5.2.4.5) lib/rails/engine.rb:524:in `call'
puma (3.12.6) lib/puma/configuration.rb:227:in `call'
puma (3.12.6) lib/puma/server.rb:706:in `handle_request'
puma (3.12.6) lib/puma/server.rb:476:in `process_client'
puma (3.12.6) lib/puma/server.rb:334:in `block in run'
puma (3.12.6) lib/puma/thread_pool.rb:135:in `block in spawn_thread'
Started GET "/user" for ::1 at 2021-03-03 20:36:28 -0800
  
ActionController::RoutingError (No route matches [GET] "/user"):
  
actionpack (5.2.4.5) lib/action_dispatch/middleware/debug_exceptions.rb:65:in `call'
web-console (3.7.0) lib/web_console/middleware.rb:135:in `call_app'
web-console (3.7.0) lib/web_console/middleware.rb:30:in `block in call'
web-console (3.7.0) lib/web_console/middleware.rb:20:in `catch'
web-console (3.7.0) lib/web_console/middleware.rb:20:in `call'
actionpack (5.2.4.5) lib/action_dispatch/middleware/show_exceptions.rb:33:in `call'
railties (5.2.4.5) lib/rails/rack/logger.rb:38:in `call_app'
railties (5.2.4.5) lib/rails/rack/logger.rb:26:in `block in call'
activesupport (5.2.4.5) lib/active_support/tagged_logging.rb:71:in `block in tagged'
activesupport (5.2.4.5) lib/active_support/tagged_logging.rb:28:in `tagged'
activesupport (5.2.4.5) lib/active_support/tagged_logging.rb:71:in `tagged'
railties (5.2.4.5) lib/rails/rack/logger.rb:26:in `call'
sprockets-rails (3.2.2) lib/sprockets/rails/quiet_assets.rb:13:in `call'
actionpack (5.2.4.5) lib/action_dispatch/middleware/remote_ip.rb:81:in `call'
actionpack (5.2.4.5) lib/action_dispatch/middleware/request_id.rb:27:in `call'
rack (2.2.3) lib/rack/method_override.rb:24:in `call'
rack (2.2.3) lib/rack/runtime.rb:22:in `call'
activesupport (5.2.4.5) lib/active_support/cache/strategy/local_cache_middleware.rb:29:in `call'
actionpack (5.2.4.5) lib/action_dispatch/middleware/executor.rb:14:in `call'
actionpack (5.2.4.5) lib/action_dispatch/middleware/static.rb:127:in `call'
rack (2.2.3) lib/rack/sendfile.rb:110:in `call'
railties (5.2.4.5) lib/rails/engine.rb:524:in `call'
puma (3.12.6) lib/puma/configuration.rb:227:in `call'
puma (3.12.6) lib/puma/server.rb:706:in `handle_request'
puma (3.12.6) lib/puma/server.rb:476:in `process_client'
puma (3.12.6) lib/puma/server.rb:334:in `block in run'
puma (3.12.6) lib/puma/thread_pool.rb:135:in `block in spawn_thread'
Started GET "/session/new" for ::1 at 2021-03-03 20:36:54 -0800
Processing by SessionsController#new as HTML
  Rendering sessions/new.html.erb within layouts/application
  Rendered sessions/new.html.erb within layouts/application (1.0ms)
  [1m[36mUser Load (5.6ms)[0m  [1m[34mSELECT  "users".* FROM "users" WHERE "users"."session_token" IS NULL LIMIT $1[0m  [["LIMIT", 1]]
  ↳ app/controllers/application_controller.rb:8
Completed 200 OK in 767ms (Views: 758.1ms | ActiveRecord: 8.3ms)


Started GET "/users/new" for ::1 at 2021-03-03 20:37:01 -0800
Processing by UsersController#new as HTML
  Rendering users/new.html.erb within layouts/application
  Rendered users/new.html.erb within layouts/application (1.4ms)
  [1m[36mUser Load (1.6ms)[0m  [1m[34mSELECT  "users".* FROM "users" WHERE "users"."session_token" IS NULL LIMIT $1[0m  [["LIMIT", 1]]
  ↳ app/controllers/application_controller.rb:8
Completed 200 OK in 68ms (Views: 50.0ms | ActiveRecord: 11.4ms)


Started POST "/users" for ::1 at 2021-03-03 20:37:19 -0800
Processing by UsersController#create as HTML
  Parameters: {"authenticity_token"=>"jgHF4hTmzQ+nDKyKmCFbpaiDzvjO874IUxHXIo2rx/i5AvLk11lMaM/7/t9m7fElY0fkEIX0+wNp8kRffqPiYg==", "user"=>{"email"=>"jug@waka.com", "password"=>"[FILTERED]"}}
  [1m[35m (0.2ms)[0m  [1m[35mBEGIN[0m
  ↳ app/controllers/users_controller.rb:10
  [1m[36mUser Exists (0.8ms)[0m  [1m[34mSELECT  1 AS one FROM "users" WHERE "users"."email" = $1 LIMIT $2[0m  [["email", "jug@waka.com"], ["LIMIT", 1]]
  ↳ app/controllers/users_controller.rb:10
  [1m[36mUser Exists (0.3ms)[0m  [1m[34mSELECT  1 AS one FROM "users" WHERE "users"."session_token" = $1 LIMIT $2[0m  [["session_token", "RiFvKSnJGwqPnq8fmE4sWQ"], ["LIMIT", 1]]
  ↳ app/controllers/users_controller.rb:10
  [1m[36mUser Create (2.4ms)[0m  [1m[32mINSERT INTO "users" ("email", "password_digest", "session_token", "created_at", "updated_at") VALUES ($1, $2, $3, $4, $5) RETURNING "id"[0m  [["email", "jug@waka.com"], ["password_digest", "$2a$12$z7qQKfYEUNMvLRPGD59Im.ZlWbmhlXnhCV8/sRvo4OQdsK9o7Klum"], ["session_token", "RiFvKSnJGwqPnq8fmE4sWQ"], ["created_at", "2021-03-04 04:37:19.473274"], ["updated_at", "2021-03-04 04:37:19.473274"]]
  ↳ app/controllers/users_controller.rb:10
  [1m[35m (0.8ms)[0m  [1m[35mCOMMIT[0m
  ↳ app/controllers/users_controller.rb:10
Redirected to http://localhost:3000/users/1
Completed 302 Found in 267ms (ActiveRecord: 4.6ms)


Started GET "/users/1" for ::1 at 2021-03-03 20:37:19 -0800
Processing by UsersController#show as HTML
  Parameters: {"id"=>"1"}
  [1m[36mUser Load (0.3ms)[0m  [1m[34mSELECT  "users".* FROM "users" WHERE "users"."id" = $1 LIMIT $2[0m  [["id", 1], ["LIMIT", 1]]
  ↳ app/controllers/users_controller.rb:18
  Rendering users/show.html.erb within layouts/application
  Rendered users/show.html.erb within layouts/application (0.3ms)
  [1m[36mUser Load (0.3ms)[0m  [1m[34mSELECT  "users".* FROM "users" WHERE "users"."session_token" IS NULL LIMIT $1[0m  [["LIMIT", 1]]
  ↳ app/controllers/application_controller.rb:8
Completed 200 OK in 35ms (Views: 31.5ms | ActiveRecord: 0.6ms)


Started GET "/session/new" for ::1 at 2021-03-03 20:38:57 -0800
Processing by SessionsController#new as HTML
  Rendering sessions/new.html.erb within layouts/application
  Rendered sessions/new.html.erb within layouts/application (0.6ms)
  [1m[36mUser Load (0.3ms)[0m  [1m[34mSELECT  "users".* FROM "users" WHERE "users"."session_token" IS NULL LIMIT $1[0m  [["LIMIT", 1]]
  ↳ app/controllers/application_controller.rb:8
Completed 200 OK in 27ms (Views: 25.9ms | ActiveRecord: 0.3ms)


Started POST "/session" for ::1 at 2021-03-03 20:39:04 -0800
Processing by SessionsController#create as HTML
  Parameters: {"authenticity_token"=>"+9Oe1OlNSb3n5TyIBe+P1OB+HVugaSdhhkDH7JShI6bM0KnSKvLI2o8Sbt37IyVUK7o3s+tuYmq8o1SRZ6kGPA==", "user"=>{"email"=>"jug@waka.com", "password"=>"[FILTERED]"}}
  [1m[36mUser Load (0.5ms)[0m  [1m[34mSELECT  "users".* FROM "users" WHERE "users"."email" = $1 LIMIT $2[0m  [["email", "jug@waka.com"], ["LIMIT", 1]]
  ↳ app/models/user.rb:11
Completed 500 Internal Server Error in 16ms (ActiveRecord: 0.5ms)



NoMethodError - undefined method `is_password?' for #<Class:0x00007feb87debe38>:
  app/models/user.rb:12:in `find_by_credentials'
  app/controllers/sessions_controller.rb:11:in `create'

Started POST "/__better_errors/3a069a06214b470f/variables" for ::1 at 2021-03-03 20:39:04 -0800
Started GET "/session" for ::1 at 2021-03-03 20:40:11 -0800
  
ActionController::RoutingError (No route matches [GET] "/session"):
  
actionpack (5.2.4.5) lib/action_dispatch/middleware/debug_exceptions.rb:65:in `call'
web-console (3.7.0) lib/web_console/middleware.rb:135:in `call_app'
web-console (3.7.0) lib/web_console/middleware.rb:30:in `block in call'
web-console (3.7.0) lib/web_console/middleware.rb:20:in `catch'
web-console (3.7.0) lib/web_console/middleware.rb:20:in `call'
actionpack (5.2.4.5) lib/action_dispatch/middleware/show_exceptions.rb:33:in `call'
railties (5.2.4.5) lib/rails/rack/logger.rb:38:in `call_app'
railties (5.2.4.5) lib/rails/rack/logger.rb:26:in `block in call'
activesupport (5.2.4.5) lib/active_support/tagged_logging.rb:71:in `block in tagged'
activesupport (5.2.4.5) lib/active_support/tagged_logging.rb:28:in `tagged'
activesupport (5.2.4.5) lib/active_support/tagged_logging.rb:71:in `tagged'
railties (5.2.4.5) lib/rails/rack/logger.rb:26:in `call'
sprockets-rails (3.2.2) lib/sprockets/rails/quiet_assets.rb:13:in `call'
actionpack (5.2.4.5) lib/action_dispatch/middleware/remote_ip.rb:81:in `call'
actionpack (5.2.4.5) lib/action_dispatch/middleware/request_id.rb:27:in `call'
rack (2.2.3) lib/rack/method_override.rb:24:in `call'
rack (2.2.3) lib/rack/runtime.rb:22:in `call'
activesupport (5.2.4.5) lib/active_support/cache/strategy/local_cache_middleware.rb:29:in `call'
actionpack (5.2.4.5) lib/action_dispatch/middleware/executor.rb:14:in `call'
actionpack (5.2.4.5) lib/action_dispatch/middleware/static.rb:127:in `call'
rack (2.2.3) lib/rack/sendfile.rb:110:in `call'
railties (5.2.4.5) lib/rails/engine.rb:524:in `call'
puma (3.12.6) lib/puma/configuration.rb:227:in `call'
puma (3.12.6) lib/puma/server.rb:706:in `handle_request'
puma (3.12.6) lib/puma/server.rb:476:in `process_client'
puma (3.12.6) lib/puma/server.rb:334:in `block in run'
puma (3.12.6) lib/puma/thread_pool.rb:135:in `block in spawn_thread'
Started GET "/sessions" for ::1 at 2021-03-03 20:40:16 -0800
  
ActionController::RoutingError (No route matches [GET] "/sessions"):
  
actionpack (5.2.4.5) lib/action_dispatch/middleware/debug_exceptions.rb:65:in `call'
web-console (3.7.0) lib/web_console/middleware.rb:135:in `call_app'
web-console (3.7.0) lib/web_console/middleware.rb:30:in `block in call'
web-console (3.7.0) lib/web_console/middleware.rb:20:in `catch'
web-console (3.7.0) lib/web_console/middleware.rb:20:in `call'
actionpack (5.2.4.5) lib/action_dispatch/middleware/show_exceptions.rb:33:in `call'
railties (5.2.4.5) lib/rails/rack/logger.rb:38:in `call_app'
railties (5.2.4.5) lib/rails/rack/logger.rb:26:in `block in call'
activesupport (5.2.4.5) lib/active_support/tagged_logging.rb:71:in `block in tagged'
activesupport (5.2.4.5) lib/active_support/tagged_logging.rb:28:in `tagged'
activesupport (5.2.4.5) lib/active_support/tagged_logging.rb:71:in `tagged'
railties (5.2.4.5) lib/rails/rack/logger.rb:26:in `call'
sprockets-rails (3.2.2) lib/sprockets/rails/quiet_assets.rb:13:in `call'
actionpack (5.2.4.5) lib/action_dispatch/middleware/remote_ip.rb:81:in `call'
actionpack (5.2.4.5) lib/action_dispatch/middleware/request_id.rb:27:in `call'
rack (2.2.3) lib/rack/method_override.rb:24:in `call'
rack (2.2.3) lib/rack/runtime.rb:22:in `call'
activesupport (5.2.4.5) lib/active_support/cache/strategy/local_cache_middleware.rb:29:in `call'
actionpack (5.2.4.5) lib/action_dispatch/middleware/executor.rb:14:in `call'
actionpack (5.2.4.5) lib/action_dispatch/middleware/static.rb:127:in `call'
rack (2.2.3) lib/rack/sendfile.rb:110:in `call'
railties (5.2.4.5) lib/rails/engine.rb:524:in `call'
puma (3.12.6) lib/puma/configuration.rb:227:in `call'
puma (3.12.6) lib/puma/server.rb:706:in `handle_request'
puma (3.12.6) lib/puma/server.rb:476:in `process_client'
puma (3.12.6) lib/puma/server.rb:334:in `block in run'
puma (3.12.6) lib/puma/thread_pool.rb:135:in `block in spawn_thread'
Started GET "/session/new" for ::1 at 2021-03-03 20:40:38 -0800
Processing by SessionsController#new as HTML
  Rendering sessions/new.html.erb within layouts/application
  Rendered sessions/new.html.erb within layouts/application (0.6ms)
  [1m[36mUser Load (0.7ms)[0m  [1m[34mSELECT  "users".* FROM "users" WHERE "users"."session_token" IS NULL LIMIT $1[0m  [["LIMIT", 1]]
  ↳ app/controllers/application_controller.rb:8
Completed 200 OK in 40ms (Views: 32.9ms | ActiveRecord: 6.3ms)


Started POST "/session" for ::1 at 2021-03-03 20:40:45 -0800
Processing by SessionsController#create as HTML
  Parameters: {"authenticity_token"=>"F3ZisNg+8l8EMcf5S38frMOy0HEP5jPAu48jNDoNB08gdVW2G4FzOGzGlay1s7UsCHb6mUThdsuBbLBJyQUi1Q==", "user"=>{"email"=>"jug@waka.com", "password"=>"[FILTERED]"}}
  [1m[36mUser Load (0.4ms)[0m  [1m[34mSELECT  "users".* FROM "users" WHERE "users"."email" = $1 LIMIT $2[0m  [["email", "jug@waka.com"], ["LIMIT", 1]]
  ↳ app/models/user.rb:11
  [1m[36mUser Load (0.4ms)[0m  [1m[34mSELECT  "users".* FROM "users" WHERE "users"."session_token" IS NULL LIMIT $1[0m  [["LIMIT", 1]]
  ↳ app/controllers/application_controller.rb:8
  [1m[35m (0.1ms)[0m  [1m[35mBEGIN[0m
  ↳ app/models/user.rb:30
  [1m[36mUser Exists (0.4ms)[0m  [1m[34mSELECT  1 AS one FROM "users" WHERE "users"."email" = $1 AND "users"."id" != $2 LIMIT $3[0m  [["email", "jug@waka.com"], ["id", 1], ["LIMIT", 1]]
  ↳ app/models/user.rb:30
  [1m[36mUser Exists (0.5ms)[0m  [1m[34mSELECT  1 AS one FROM "users" WHERE "users"."session_token" = $1 AND "users"."id" != $2 LIMIT $3[0m  [["session_token", "2zK0e8HQcUVUk43Q2Xca8Q"], ["id", 1], ["LIMIT", 1]]
  ↳ app/models/user.rb:30
  [1m[36mUser Update (0.6ms)[0m  [1m[33mUPDATE "users" SET "session_token" = $1, "updated_at" = $2 WHERE "users"."id" = $3[0m  [["session_token", "2zK0e8HQcUVUk43Q2Xca8Q"], ["updated_at", "2021-03-04 04:40:46.203178"], ["id", 1]]
  ↳ app/models/user.rb:30
  [1m[35m (0.8ms)[0m  [1m[35mCOMMIT[0m
  ↳ app/models/user.rb:30
Redirected to http://localhost:3000/users/1
Completed 302 Found in 276ms (ActiveRecord: 10.1ms)


Started GET "/users/1" for ::1 at 2021-03-03 20:40:46 -0800
Processing by UsersController#show as HTML
  Parameters: {"id"=>"1"}
  [1m[36mUser Load (0.3ms)[0m  [1m[34mSELECT  "users".* FROM "users" WHERE "users"."id" = $1 LIMIT $2[0m  [["id", 1], ["LIMIT", 1]]
  ↳ app/controllers/users_controller.rb:18
  Rendering users/show.html.erb within layouts/application
  Rendered users/show.html.erb within layouts/application (0.4ms)
  [1m[36mUser Load (0.3ms)[0m  [1m[34mSELECT  "users".* FROM "users" WHERE "users"."session_token" = $1 LIMIT $2[0m  [["session_token", "2zK0e8HQcUVUk43Q2Xca8Q"], ["LIMIT", 1]]
  ↳ app/controllers/application_controller.rb:8
Completed 200 OK in 26ms (Views: 24.1ms | ActiveRecord: 0.6ms)


Started DELETE "/session" for ::1 at 2021-03-03 20:40:54 -0800
Processing by SessionsController#destroy as HTML
  Parameters: {"authenticity_token"=>"TKd524sXl9Bdkfi9TjdYDfcDJGsYGuKGK8ReXqtLsqJ7pE7dSKgWtzVmquiw+/KNPMcOg1Mdp40RJ80jWEOXOA=="}
  [1m[36mUser Load (0.4ms)[0m  [1m[34mSELECT  "users".* FROM "users" WHERE "users"."session_token" = $1 LIMIT $2[0m  [["session_token", "2zK0e8HQcUVUk43Q2Xca8Q"], ["LIMIT", 1]]
  ↳ app/controllers/application_controller.rb:8
  [1m[35m (0.1ms)[0m  [1m[35mBEGIN[0m
  ↳ app/models/user.rb:30
  [1m[36mUser Exists (0.5ms)[0m  [1m[34mSELECT  1 AS one FROM "users" WHERE "users"."email" = $1 AND "users"."id" != $2 LIMIT $3[0m  [["email", "jug@waka.com"], ["id", 1], ["LIMIT", 1]]
  ↳ app/models/user.rb:30
  [1m[36mUser Exists (0.3ms)[0m  [1m[34mSELECT  1 AS one FROM "users" WHERE "users"."session_token" = $1 AND "users"."id" != $2 LIMIT $3[0m  [["session_token", "XynEKjiIs-31YN64yLN7tw"], ["id", 1], ["LIMIT", 1]]
  ↳ app/models/user.rb:30
  [1m[36mUser Update (0.7ms)[0m  [1m[33mUPDATE "users" SET "session_token" = $1, "updated_at" = $2 WHERE "users"."id" = $3[0m  [["session_token", "XynEKjiIs-31YN64yLN7tw"], ["updated_at", "2021-03-04 04:40:54.075052"], ["id", 1]]
  ↳ app/models/user.rb:30
  [1m[35m (0.3ms)[0m  [1m[35mCOMMIT[0m
  ↳ app/models/user.rb:30
Redirected to http://localhost:3000/session/new
Completed 302 Found in 7ms (ActiveRecord: 2.3ms)


Started GET "/session/new" for ::1 at 2021-03-03 20:40:54 -0800
Processing by SessionsController#new as HTML
  Rendering sessions/new.html.erb within layouts/application
  Rendered sessions/new.html.erb within layouts/application (0.9ms)
  [1m[36mUser Load (0.3ms)[0m  [1m[34mSELECT  "users".* FROM "users" WHERE "users"."session_token" IS NULL LIMIT $1[0m  [["LIMIT", 1]]
  ↳ app/controllers/application_controller.rb:8
Completed 200 OK in 26ms (Views: 24.7ms | ActiveRecord: 0.3ms)


Started GET "/users/new" for ::1 at 2021-03-03 20:40:57 -0800
Processing by UsersController#new as HTML
  Rendering users/new.html.erb within layouts/application
  Rendered users/new.html.erb within layouts/application (0.7ms)
  [1m[36mUser Load (0.4ms)[0m  [1m[34mSELECT  "users".* FROM "users" WHERE "users"."session_token" IS NULL LIMIT $1[0m  [["LIMIT", 1]]
  ↳ app/controllers/application_controller.rb:8
Completed 200 OK in 31ms (Views: 29.5ms | ActiveRecord: 0.4ms)


Started GET "/session/new" for ::1 at 2021-03-03 20:45:28 -0800
  [1m[35m (1.6ms)[0m  [1m[34mSELECT "schema_migrations"."version" FROM "schema_migrations" ORDER BY "schema_migrations"."version" ASC[0m
  ↳ /Users/michaellyons/.rbenv/versions/2.5.1/lib/ruby/gems/2.5.0/gems/activerecord-5.2.4.5/lib/active_record/log_subscriber.rb:98
Processing by SessionsController#new as HTML
  Rendering sessions/new.html.erb within layouts/application
  Rendered sessions/new.html.erb within layouts/application (2.4ms)
  [1m[36mUser Load (1.8ms)[0m  [1m[34mSELECT  "users".* FROM "users" WHERE "users"."session_token" IS NULL LIMIT $1[0m  [["LIMIT", 1]]
  ↳ app/controllers/application_controller.rb:8
Completed 200 OK in 254ms (Views: 239.7ms | ActiveRecord: 9.1ms)


Started POST "/session" for ::1 at 2021-03-03 20:45:35 -0800
Processing by SessionsController#create as HTML
  Parameters: {"authenticity_token"=>"FmOh0hMtJl5Yzkx2Jkk2QxgIIsyYDPZAJwcbYkrpE+khYJbU0JKnOTA5HiPYhZzD08wIJNMLs0sd5IgfueE2cw==", "user"=>{"email"=>"jug@waka.com", "password"=>"[FILTERED]"}}
  [1m[36mUser Load (0.4ms)[0m  [1m[34mSELECT  "users".* FROM "users" WHERE "users"."email" = $1 LIMIT $2[0m  [["email", "jug@waka.com"], ["LIMIT", 1]]
  ↳ app/models/user.rb:11
  [1m[36mUser Load (0.3ms)[0m  [1m[34mSELECT  "users".* FROM "users" WHERE "users"."session_token" IS NULL LIMIT $1[0m  [["LIMIT", 1]]
  ↳ app/controllers/application_controller.rb:8
  [1m[35m (0.1ms)[0m  [1m[35mBEGIN[0m
  ↳ app/models/user.rb:30
  [1m[36mUser Exists (0.6ms)[0m  [1m[34mSELECT  1 AS one FROM "users" WHERE "users"."email" = $1 AND "users"."id" != $2 LIMIT $3[0m  [["email", "jug@waka.com"], ["id", 1], ["LIMIT", 1]]
  ↳ app/models/user.rb:30
  [1m[36mUser Exists (1.1ms)[0m  [1m[34mSELECT  1 AS one FROM "users" WHERE "users"."session_token" = $1 AND "users"."id" != $2 LIMIT $3[0m  [["session_token", "1Tdbr533mTakDYR-yLemGA"], ["id", 1], ["LIMIT", 1]]
  ↳ app/models/user.rb:30
  [1m[36mUser Update (0.7ms)[0m  [1m[33mUPDATE "users" SET "session_token" = $1, "updated_at" = $2 WHERE "users"."id" = $3[0m  [["session_token", "1Tdbr533mTakDYR-yLemGA"], ["updated_at", "2021-03-04 04:45:36.286068"], ["id", 1]]
  ↳ app/models/user.rb:30
  [1m[35m (1.7ms)[0m  [1m[35mCOMMIT[0m
  ↳ app/models/user.rb:30
Redirected to http://localhost:3000/users/1
Completed 302 Found in 302ms (ActiveRecord: 9.3ms)


Started GET "/users/1" for ::1 at 2021-03-03 20:45:36 -0800
Processing by UsersController#show as HTML
  Parameters: {"id"=>"1"}
  [1m[36mUser Load (0.3ms)[0m  [1m[34mSELECT  "users".* FROM "users" WHERE "users"."id" = $1 LIMIT $2[0m  [["id", 1], ["LIMIT", 1]]
  ↳ app/controllers/users_controller.rb:18
  Rendering users/show.html.erb within layouts/application
  Rendered users/show.html.erb within layouts/application (0.3ms)
  [1m[36mUser Load (0.8ms)[0m  [1m[34mSELECT  "users".* FROM "users" WHERE "users"."session_token" = $1 LIMIT $2[0m  [["session_token", "1Tdbr533mTakDYR-yLemGA"], ["LIMIT", 1]]
  ↳ app/controllers/application_controller.rb:8
Completed 200 OK in 30ms (Views: 27.6ms | ActiveRecord: 1.1ms)


Started DELETE "/session" for ::1 at 2021-03-03 20:45:40 -0800
Processing by SessionsController#destroy as HTML
  Parameters: {"authenticity_token"=>"Yb4ESFKn8OFF6fPEzfZj6pCy7tyXwimSyqQf4/3vgBhWvTNOkRhxhi0eoZEzOslqW3bENNzFbJnwR4yeDuelgg=="}
  [1m[36mUser Load (0.5ms)[0m  [1m[34mSELECT  "users".* FROM "users" WHERE "users"."session_token" = $1 LIMIT $2[0m  [["session_token", "1Tdbr533mTakDYR-yLemGA"], ["LIMIT", 1]]
  ↳ app/controllers/application_controller.rb:8
  [1m[35m (0.2ms)[0m  [1m[35mBEGIN[0m
  ↳ app/models/user.rb:30
  [1m[36mUser Exists (0.5ms)[0m  [1m[34mSELECT  1 AS one FROM "users" WHERE "users"."email" = $1 AND "users"."id" != $2 LIMIT $3[0m  [["email", "jug@waka.com"], ["id", 1], ["LIMIT", 1]]
  ↳ app/models/user.rb:30
  [1m[36mUser Exists (0.4ms)[0m  [1m[34mSELECT  1 AS one FROM "users" WHERE "users"."session_token" = $1 AND "users"."id" != $2 LIMIT $3[0m  [["session_token", "cih8rZHJAhf1EmVliYm6PQ"], ["id", 1], ["LIMIT", 1]]
  ↳ app/models/user.rb:30
  [1m[36mUser Update (0.4ms)[0m  [1m[33mUPDATE "users" SET "session_token" = $1, "updated_at" = $2 WHERE "users"."id" = $3[0m  [["session_token", "cih8rZHJAhf1EmVliYm6PQ"], ["updated_at", "2021-03-04 04:45:40.319976"], ["id", 1]]
  ↳ app/models/user.rb:30
  [1m[35m (0.6ms)[0m  [1m[35mCOMMIT[0m
  ↳ app/models/user.rb:30
Redirected to http://localhost:3000/session/new
Completed 302 Found in 11ms (ActiveRecord: 2.7ms)


Started GET "/session/new" for ::1 at 2021-03-03 20:45:40 -0800
Processing by SessionsController#new as HTML
  Rendering sessions/new.html.erb within layouts/application
  Rendered sessions/new.html.erb within layouts/application (1.2ms)
  [1m[36mUser Load (0.3ms)[0m  [1m[34mSELECT  "users".* FROM "users" WHERE "users"."session_token" IS NULL LIMIT $1[0m  [["LIMIT", 1]]
  ↳ app/controllers/application_controller.rb:8
Completed 200 OK in 51ms (Views: 49.8ms | ActiveRecord: 0.3ms)


Started GET "/users/new" for ::1 at 2021-03-03 20:45:41 -0800
Processing by UsersController#new as HTML
  Rendering users/new.html.erb within layouts/application
  Rendered users/new.html.erb within layouts/application (0.5ms)
  [1m[36mUser Load (0.3ms)[0m  [1m[34mSELECT  "users".* FROM "users" WHERE "users"."session_token" IS NULL LIMIT $1[0m  [["LIMIT", 1]]
  ↳ app/controllers/application_controller.rb:8
Completed 200 OK in 33ms (Views: 31.9ms | ActiveRecord: 0.3ms)


Started POST "/users" for ::1 at 2021-03-03 20:45:45 -0800
Processing by UsersController#create as HTML
  Parameters: {"authenticity_token"=>"FPJP1xbbdKPIA+CIDuuqGokv/LNJznqQ1RmHDACRrYIj8XjR1WT1xKD0st3wJwCaQuvWWwLJP5vv+hRx85mIGA==", "user"=>{"email"=>"blah", "password"=>"[FILTERED]"}}
  [1m[35m (1.0ms)[0m  [1m[35mBEGIN[0m
  ↳ app/controllers/users_controller.rb:10
  [1m[36mUser Exists (0.8ms)[0m  [1m[34mSELECT  1 AS one FROM "users" WHERE "users"."email" = $1 LIMIT $2[0m  [["email", "blah"], ["LIMIT", 1]]
  ↳ app/controllers/users_controller.rb:10
  [1m[36mUser Exists (0.7ms)[0m  [1m[34mSELECT  1 AS one FROM "users" WHERE "users"."session_token" = $1 LIMIT $2[0m  [["session_token", "JbO_yhOsrJF6ynt2QuI96A"], ["LIMIT", 1]]
  ↳ app/controllers/users_controller.rb:10
  [1m[35m (0.3ms)[0m  [1m[31mROLLBACK[0m
  ↳ app/controllers/users_controller.rb:10
  Rendering users/new.html.erb within layouts/application
  Rendered users/new.html.erb within layouts/application (2.5ms)
  [1m[36mUser Load (0.3ms)[0m  [1m[34mSELECT  "users".* FROM "users" WHERE "users"."session_token" IS NULL LIMIT $1[0m  [["LIMIT", 1]]
  ↳ app/controllers/application_controller.rb:8
Completed 200 OK in 317ms (Views: 34.5ms | ActiveRecord: 3.2ms)


Started POST "/users" for ::1 at 2021-03-03 20:45:53 -0800
Processing by UsersController#create as HTML
  Parameters: {"authenticity_token"=>"WiGN7+0GFJa1twkFvmGbyt06u3moADOiJasg6ENG7XVtIrrpLrmV8d1AW1BArTFKFv6RkeMHdqkfSLOVsE7I7w==", "user"=>{"email"=>"blah", "password"=>"[FILTERED]"}}
  [1m[35m (0.8ms)[0m  [1m[35mBEGIN[0m
  ↳ app/controllers/users_controller.rb:10
  [1m[36mUser Exists (0.3ms)[0m  [1m[34mSELECT  1 AS one FROM "users" WHERE "users"."email" = $1 LIMIT $2[0m  [["email", "blah"], ["LIMIT", 1]]
  ↳ app/controllers/users_controller.rb:10
  [1m[36mUser Exists (0.3ms)[0m  [1m[34mSELECT  1 AS one FROM "users" WHERE "users"."session_token" = $1 LIMIT $2[0m  [["session_token", "P1exkJW08vuxPaC7niJEzw"], ["LIMIT", 1]]
  ↳ app/controllers/users_controller.rb:10
  [1m[36mUser Create (0.4ms)[0m  [1m[32mINSERT INTO "users" ("email", "password_digest", "session_token", "created_at", "updated_at") VALUES ($1, $2, $3, $4, $5) RETURNING "id"[0m  [["email", "blah"], ["password_digest", "$2a$12$AvBHY6UsTcDY6zk7OAZNre/QrTxcfraIMTsBVNvyLybLKW/7eqncm"], ["session_token", "P1exkJW08vuxPaC7niJEzw"], ["created_at", "2021-03-04 04:45:53.871718"], ["updated_at", "2021-03-04 04:45:53.871718"]]
  ↳ app/controllers/users_controller.rb:10
  [1m[35m (0.3ms)[0m  [1m[35mCOMMIT[0m
  ↳ app/controllers/users_controller.rb:10
Redirected to http://localhost:3000/users/2
Completed 302 Found in 264ms (ActiveRecord: 2.1ms)


Started GET "/users/2" for ::1 at 2021-03-03 20:45:53 -0800
Processing by UsersController#show as HTML
  Parameters: {"id"=>"2"}
  [1m[36mUser Load (0.3ms)[0m  [1m[34mSELECT  "users".* FROM "users" WHERE "users"."id" = $1 LIMIT $2[0m  [["id", 2], ["LIMIT", 1]]
  ↳ app/controllers/users_controller.rb:18
  Rendering users/show.html.erb within layouts/application
  Rendered users/show.html.erb within layouts/application (0.3ms)
  [1m[36mUser Load (0.3ms)[0m  [1m[34mSELECT  "users".* FROM "users" WHERE "users"."session_token" IS NULL LIMIT $1[0m  [["LIMIT", 1]]
  ↳ app/controllers/application_controller.rb:8
Completed 200 OK in 22ms (Views: 20.8ms | ActiveRecord: 0.7ms)


Started GET "/session/new" for ::1 at 2021-03-03 20:45:58 -0800
Processing by SessionsController#new as HTML
  Rendering sessions/new.html.erb within layouts/application
  Rendered sessions/new.html.erb within layouts/application (0.8ms)
  [1m[36mUser Load (0.3ms)[0m  [1m[34mSELECT  "users".* FROM "users" WHERE "users"."session_token" IS NULL LIMIT $1[0m  [["LIMIT", 1]]
  ↳ app/controllers/application_controller.rb:8
Completed 200 OK in 33ms (Views: 31.8ms | ActiveRecord: 0.3ms)


Started POST "/session" for ::1 at 2021-03-03 20:46:03 -0800
Processing by SessionsController#create as HTML
  Parameters: {"authenticity_token"=>"XYqgq2EAuODMtAPU//Ra56GD2LWP4DbbmeSjDq3DrhlqiZetor85h6RDUYEBOPBnakfyXcTnc9CjBzBzXsuLgw==", "user"=>{"email"=>"jug@waka.com", "password"=>"[FILTERED]"}}
  [1m[36mUser Load (0.8ms)[0m  [1m[34mSELECT  "users".* FROM "users" WHERE "users"."email" = $1 LIMIT $2[0m  [["email", "jug@waka.com"], ["LIMIT", 1]]
  ↳ app/models/user.rb:11
  [1m[36mUser Load (0.6ms)[0m  [1m[34mSELECT  "users".* FROM "users" WHERE "users"."session_token" IS NULL LIMIT $1[0m  [["LIMIT", 1]]
  ↳ app/controllers/application_controller.rb:8
  [1m[35m (0.1ms)[0m  [1m[35mBEGIN[0m
  ↳ app/models/user.rb:30
  [1m[36mUser Exists (0.4ms)[0m  [1m[34mSELECT  1 AS one FROM "users" WHERE "users"."email" = $1 AND "users"."id" != $2 LIMIT $3[0m  [["email", "jug@waka.com"], ["id", 1], ["LIMIT", 1]]
  ↳ app/models/user.rb:30
  [1m[36mUser Exists (0.3ms)[0m  [1m[34mSELECT  1 AS one FROM "users" WHERE "users"."session_token" = $1 AND "users"."id" != $2 LIMIT $3[0m  [["session_token", "kPP5TJ7Z6Q79SJL1T2xDrw"], ["id", 1], ["LIMIT", 1]]
  ↳ app/models/user.rb:30
  [1m[36mUser Update (0.4ms)[0m  [1m[33mUPDATE "users" SET "session_token" = $1, "updated_at" = $2 WHERE "users"."id" = $3[0m  [["session_token", "kPP5TJ7Z6Q79SJL1T2xDrw"], ["updated_at", "2021-03-04 04:46:04.263012"], ["id", 1]]
  ↳ app/models/user.rb:30
  [1m[35m (0.6ms)[0m  [1m[35mCOMMIT[0m
  ↳ app/models/user.rb:30
Redirected to http://localhost:3000/users/1
Completed 302 Found in 268ms (ActiveRecord: 3.3ms)


Started GET "/users/1" for ::1 at 2021-03-03 20:46:04 -0800
Processing by UsersController#show as HTML
  Parameters: {"id"=>"1"}
  [1m[36mUser Load (0.3ms)[0m  [1m[34mSELECT  "users".* FROM "users" WHERE "users"."id" = $1 LIMIT $2[0m  [["id", 1], ["LIMIT", 1]]
  ↳ app/controllers/users_controller.rb:18
  Rendering users/show.html.erb within layouts/application
  Rendered users/show.html.erb within layouts/application (0.3ms)
  [1m[36mUser Load (0.4ms)[0m  [1m[34mSELECT  "users".* FROM "users" WHERE "users"."session_token" = $1 LIMIT $2[0m  [["session_token", "kPP5TJ7Z6Q79SJL1T2xDrw"], ["LIMIT", 1]]
  ↳ app/controllers/application_controller.rb:8
Completed 200 OK in 25ms (Views: 23.1ms | ActiveRecord: 0.7ms)


Started DELETE "/session" for ::1 at 2021-03-03 20:46:07 -0800
Processing by SessionsController#destroy as HTML
  Parameters: {"authenticity_token"=>"3Ze6DhPHxo2+eU/59cRYmi7SL5zmNHZQbJAdFqgoaWvqlI0I0HhH6taOHawLCPIa5RYFdK0zM1tWc45rWyBM8Q=="}
  [1m[36mUser Load (0.4ms)[0m  [1m[34mSELECT  "users".* FROM "users" WHERE "users"."session_token" = $1 LIMIT $2[0m  [["session_token", "kPP5TJ7Z6Q79SJL1T2xDrw"], ["LIMIT", 1]]
  ↳ app/controllers/application_controller.rb:8
  [1m[35m (0.2ms)[0m  [1m[35mBEGIN[0m
  ↳ app/models/user.rb:30
  [1m[36mUser Exists (0.5ms)[0m  [1m[34mSELECT  1 AS one FROM "users" WHERE "users"."email" = $1 AND "users"."id" != $2 LIMIT $3[0m  [["email", "jug@waka.com"], ["id", 1], ["LIMIT", 1]]
  ↳ app/models/user.rb:30
  [1m[36mUser Exists (0.6ms)[0m  [1m[34mSELECT  1 AS one FROM "users" WHERE "users"."session_token" = $1 AND "users"."id" != $2 LIMIT $3[0m  [["session_token", "SBwZs3Fn4SNgWnBus6N4dw"], ["id", 1], ["LIMIT", 1]]
  ↳ app/models/user.rb:30
  [1m[36mUser Update (0.5ms)[0m  [1m[33mUPDATE "users" SET "session_token" = $1, "updated_at" = $2 WHERE "users"."id" = $3[0m  [["session_token", "SBwZs3Fn4SNgWnBus6N4dw"], ["updated_at", "2021-03-04 04:46:07.569849"], ["id", 1]]
  ↳ app/models/user.rb:30
  [1m[35m (0.6ms)[0m  [1m[35mCOMMIT[0m
  ↳ app/models/user.rb:30
Redirected to http://localhost:3000/session/new
Completed 302 Found in 10ms (ActiveRecord: 2.8ms)


Started GET "/session/new" for ::1 at 2021-03-03 20:46:07 -0800
Processing by SessionsController#new as HTML
  Rendering sessions/new.html.erb within layouts/application
  Rendered sessions/new.html.erb within layouts/application (0.7ms)
  [1m[36mUser Load (0.3ms)[0m  [1m[34mSELECT  "users".* FROM "users" WHERE "users"."session_token" IS NULL LIMIT $1[0m  [["LIMIT", 1]]
  ↳ app/controllers/application_controller.rb:8
Completed 200 OK in 25ms (Views: 24.3ms | ActiveRecord: 0.3ms)


Started GET "/session/new" for ::1 at 2021-03-03 20:46:11 -0800
Processing by SessionsController#new as HTML
  Rendering sessions/new.html.erb within layouts/application
  Rendered sessions/new.html.erb within layouts/application (0.7ms)
  [1m[36mUser Load (0.2ms)[0m  [1m[34mSELECT  "users".* FROM "users" WHERE "users"."session_token" IS NULL LIMIT $1[0m  [["LIMIT", 1]]
  ↳ app/controllers/application_controller.rb:8
Completed 200 OK in 30ms (Views: 29.1ms | ActiveRecord: 0.2ms)


Started POST "/session" for ::1 at 2021-03-03 20:46:18 -0800
Processing by SessionsController#create as HTML
  Parameters: {"authenticity_token"=>"eybehviT0L52uoe9L6YUSg4UO8U3EIVz4CNjr2x8ESRMJemAOyxR2R5N1ejRar7KxdARLXwXwHjawPDSn3Q0vg==", "user"=>{"email"=>"blah", "password"=>"[FILTERED]"}}
  [1m[36mUser Load (0.5ms)[0m  [1m[34mSELECT  "users".* FROM "users" WHERE "users"."email" = $1 LIMIT $2[0m  [["email", "blah"], ["LIMIT", 1]]
  ↳ app/models/user.rb:11
  [1m[36mUser Load (0.2ms)[0m  [1m[34mSELECT  "users".* FROM "users" WHERE "users"."session_token" IS NULL LIMIT $1[0m  [["LIMIT", 1]]
  ↳ app/controllers/application_controller.rb:8
  [1m[35m (0.1ms)[0m  [1m[35mBEGIN[0m
  ↳ app/models/user.rb:30
  [1m[36mUser Exists (0.3ms)[0m  [1m[34mSELECT  1 AS one FROM "users" WHERE "users"."email" = $1 AND "users"."id" != $2 LIMIT $3[0m  [["email", "blah"], ["id", 2], ["LIMIT", 1]]
  ↳ app/models/user.rb:30
  [1m[36mUser Exists (0.3ms)[0m  [1m[34mSELECT  1 AS one FROM "users" WHERE "users"."session_token" = $1 AND "users"."id" != $2 LIMIT $3[0m  [["session_token", "bif2nbl80Ur7jkMhPBlpog"], ["id", 2], ["LIMIT", 1]]
  ↳ app/models/user.rb:30
  [1m[36mUser Update (0.3ms)[0m  [1m[33mUPDATE "users" SET "session_token" = $1, "updated_at" = $2 WHERE "users"."id" = $3[0m  [["session_token", "bif2nbl80Ur7jkMhPBlpog"], ["updated_at", "2021-03-04 04:46:18.272934"], ["id", 2]]
  ↳ app/models/user.rb:30
  [1m[35m (0.6ms)[0m  [1m[35mCOMMIT[0m
  ↳ app/models/user.rb:30
Redirected to http://localhost:3000/users/2
Completed 302 Found in 265ms (ActiveRecord: 2.3ms)


Started GET "/users/2" for ::1 at 2021-03-03 20:46:18 -0800
Processing by UsersController#show as HTML
  Parameters: {"id"=>"2"}
  [1m[36mUser Load (0.3ms)[0m  [1m[34mSELECT  "users".* FROM "users" WHERE "users"."id" = $1 LIMIT $2[0m  [["id", 2], ["LIMIT", 1]]
  ↳ app/controllers/users_controller.rb:18
  Rendering users/show.html.erb within layouts/application
  Rendered users/show.html.erb within layouts/application (0.3ms)
  [1m[36mUser Load (0.3ms)[0m  [1m[34mSELECT  "users".* FROM "users" WHERE "users"."session_token" = $1 LIMIT $2[0m  [["session_token", "bif2nbl80Ur7jkMhPBlpog"], ["LIMIT", 1]]
  ↳ app/controllers/application_controller.rb:8
Completed 200 OK in 28ms (Views: 26.8ms | ActiveRecord: 0.7ms)


Started DELETE "/session" for ::1 at 2021-03-03 20:46:21 -0800
Processing by SessionsController#destroy as HTML
  Parameters: {"authenticity_token"=>"ZnR1ijiDQlT/Y/eQiyAb3lhNisLq2ZAkY8ZvHmxmqZNRd0KM+zzDM5eUpcV17LFek4mgKqHe1S9ZJfxjn26MCQ=="}
  [1m[36mUser Load (0.3ms)[0m  [1m[34mSELECT  "users".* FROM "users" WHERE "users"."session_token" = $1 LIMIT $2[0m  [["session_token", "bif2nbl80Ur7jkMhPBlpog"], ["LIMIT", 1]]
  ↳ app/controllers/application_controller.rb:8
  [1m[35m (0.2ms)[0m  [1m[35mBEGIN[0m
  ↳ app/models/user.rb:30
  [1m[36mUser Exists (0.3ms)[0m  [1m[34mSELECT  1 AS one FROM "users" WHERE "users"."email" = $1 AND "users"."id" != $2 LIMIT $3[0m  [["email", "blah"], ["id", 2], ["LIMIT", 1]]
  ↳ app/models/user.rb:30
  [1m[36mUser Exists (0.2ms)[0m  [1m[34mSELECT  1 AS one FROM "users" WHERE "users"."session_token" = $1 AND "users"."id" != $2 LIMIT $3[0m  [["session_token", "k-6aOKCGe_LQ7Zc9wfrHRg"], ["id", 2], ["LIMIT", 1]]
  ↳ app/models/user.rb:30
  [1m[36mUser Update (0.4ms)[0m  [1m[33mUPDATE "users" SET "session_token" = $1, "updated_at" = $2 WHERE "users"."id" = $3[0m  [["session_token", "k-6aOKCGe_LQ7Zc9wfrHRg"], ["updated_at", "2021-03-04 04:46:21.616148"], ["id", 2]]
  ↳ app/models/user.rb:30
  [1m[35m (0.5ms)[0m  [1m[35mCOMMIT[0m
  ↳ app/models/user.rb:30
Redirected to http://localhost:3000/session/new
Completed 302 Found in 6ms (ActiveRecord: 1.9ms)


Started GET "/session/new" for ::1 at 2021-03-03 20:46:21 -0800
Processing by SessionsController#new as HTML
  Rendering sessions/new.html.erb within layouts/application
  Rendered sessions/new.html.erb within layouts/application (0.7ms)
  [1m[36mUser Load (0.3ms)[0m  [1m[34mSELECT  "users".* FROM "users" WHERE "users"."session_token" IS NULL LIMIT $1[0m  [["LIMIT", 1]]
  ↳ app/controllers/application_controller.rb:8
Completed 200 OK in 28ms (Views: 27.0ms | ActiveRecord: 0.3ms)


Started POST "/session" for ::1 at 2021-03-03 20:46:29 -0800
Processing by SessionsController#create as HTML
  Parameters: {"authenticity_token"=>"KWAcLOY0/i3Vkm/fsWdcIa2kNTkF3FXTTLrO6CpEUCweYysqJYt/Sr1lPYpPq/ahZmAf0U7bENh2WV2V2Ux1tg==", "user"=>{"email"=>"blah", "password"=>"[FILTERED]"}}
  [1m[36mUser Load (0.5ms)[0m  [1m[34mSELECT  "users".* FROM "users" WHERE "users"."email" = $1 LIMIT $2[0m  [["email", "blah"], ["LIMIT", 1]]
  ↳ app/models/user.rb:11
  Rendering sessions/new.html.erb within layouts/application
  Rendered sessions/new.html.erb within layouts/application (0.5ms)
  [1m[36mUser Load (0.2ms)[0m  [1m[34mSELECT  "users".* FROM "users" WHERE "users"."session_token" IS NULL LIMIT $1[0m  [["LIMIT", 1]]
  ↳ app/controllers/application_controller.rb:8
Completed 200 OK in 287ms (Views: 27.1ms | ActiveRecord: 0.7ms)


Started POST "/session" for ::1 at 2021-03-03 20:47:35 -0800
Processing by SessionsController#create as HTML
  Parameters: {"authenticity_token"=>"VtE2PuUD1/6h6gVpPF6EywO16lmlKag5YzjD8pxiXXlh0gE4JrxWmckdVzzCki5LyHHAse4u7TJZ21CPb2p44w==", "user"=>{"email"=>"blah", "password"=>"[FILTERED]"}}
  [1m[36mUser Load (0.4ms)[0m  [1m[34mSELECT  "users".* FROM "users" WHERE "users"."email" = $1 LIMIT $2[0m  [["email", "blah"], ["LIMIT", 1]]
  ↳ app/models/user.rb:11
  Rendering sessions/new.html.erb within layouts/application
  Rendered sessions/new.html.erb within layouts/application (0.6ms)
  [1m[36mUser Load (0.2ms)[0m  [1m[34mSELECT  "users".* FROM "users" WHERE "users"."session_token" IS NULL LIMIT $1[0m  [["LIMIT", 1]]
  ↳ app/controllers/application_controller.rb:8
Completed 200 OK in 283ms (Views: 24.1ms | ActiveRecord: 0.6ms)


Started GET "/users/new" for ::1 at 2021-03-03 20:47:57 -0800
Processing by UsersController#new as HTML
  Rendering users/new.html.erb within layouts/application
  Rendered users/new.html.erb within layouts/application (0.6ms)
  [1m[36mUser Load (0.2ms)[0m  [1m[34mSELECT  "users".* FROM "users" WHERE "users"."session_token" IS NULL LIMIT $1[0m  [["LIMIT", 1]]
  ↳ app/controllers/application_controller.rb:8
Completed 200 OK in 34ms (Views: 32.9ms | ActiveRecord: 0.2ms)


Started POST "/users" for ::1 at 2021-03-03 20:48:03 -0800
Processing by UsersController#create as HTML
  Parameters: {"authenticity_token"=>"h/NAAV46FNXVDfUMlF7nwg71FaiLTITJYfhaqfEum8aw8HcHnYWVsr36p1lqkk1CxTE/QMBLwcJbG8nUAia+XA==", "user"=>{"email"=>"mike@thing", "password"=>"[FILTERED]"}}
  [1m[35m (0.2ms)[0m  [1m[35mBEGIN[0m
  ↳ app/controllers/users_controller.rb:10
  [1m[36mUser Exists (0.3ms)[0m  [1m[34mSELECT  1 AS one FROM "users" WHERE "users"."email" = $1 LIMIT $2[0m  [["email", "mike@thing"], ["LIMIT", 1]]
  ↳ app/controllers/users_controller.rb:10
  [1m[36mUser Exists (0.3ms)[0m  [1m[34mSELECT  1 AS one FROM "users" WHERE "users"."session_token" = $1 LIMIT $2[0m  [["session_token", "2YzDwyZNsPFeIEYUhmmWdg"], ["LIMIT", 1]]
  ↳ app/controllers/users_controller.rb:10
  [1m[35m (0.2ms)[0m  [1m[31mROLLBACK[0m
  ↳ app/controllers/users_controller.rb:10
  Rendering users/new.html.erb within layouts/application
  Rendered users/new.html.erb within layouts/application (0.5ms)
  [1m[36mUser Load (0.3ms)[0m  [1m[34mSELECT  "users".* FROM "users" WHERE "users"."session_token" IS NULL LIMIT $1[0m  [["LIMIT", 1]]
  ↳ app/controllers/application_controller.rb:8
Completed 200 OK in 290ms (Views: 29.2ms | ActiveRecord: 1.3ms)


Started POST "/users" for ::1 at 2021-03-03 20:48:11 -0800
Processing by UsersController#create as HTML
  Parameters: {"authenticity_token"=>"ps0DjsU+qI7kcM625LpX07ZOfvToPD5wz4zsWHr/f86RzjSIBoEp6YyHnOMadv1TfYpUHKM7e3v1b38lifdaVA==", "user"=>{"email"=>"", "password"=>"[FILTERED]"}}
  [1m[35m (0.6ms)[0m  [1m[35mBEGIN[0m
  ↳ app/controllers/users_controller.rb:10
  [1m[36mUser Exists (0.4ms)[0m  [1m[34mSELECT  1 AS one FROM "users" WHERE "users"."email" = $1 LIMIT $2[0m  [["email", ""], ["LIMIT", 1]]
  ↳ app/controllers/users_controller.rb:10
  [1m[36mUser Exists (0.4ms)[0m  [1m[34mSELECT  1 AS one FROM "users" WHERE "users"."session_token" = $1 LIMIT $2[0m  [["session_token", "QrMJc8kNNwXALtCqFSnsgw"], ["LIMIT", 1]]
  ↳ app/controllers/users_controller.rb:10
  [1m[35m (0.2ms)[0m  [1m[31mROLLBACK[0m
  ↳ app/controllers/users_controller.rb:10
  Rendering users/new.html.erb within layouts/application
  Rendered users/new.html.erb within layouts/application (0.6ms)
  [1m[36mUser Load (0.2ms)[0m  [1m[34mSELECT  "users".* FROM "users" WHERE "users"."session_token" IS NULL LIMIT $1[0m  [["LIMIT", 1]]
  ↳ app/controllers/application_controller.rb:8
Completed 200 OK in 285ms (Views: 23.7ms | ActiveRecord: 1.7ms)


  [1m[35m (0.3ms)[0m  [1m[34mSELECT pg_try_advisory_lock(5012713500200211225)[0m
  ↳ bin/rails:9
  [1m[35m (0.9ms)[0m  [1m[34mSELECT "schema_migrations"."version" FROM "schema_migrations" ORDER BY "schema_migrations"."version" ASC[0m
  ↳ bin/rails:9
Migrating to CreateBands (20210304045526)
  [1m[35m (0.2ms)[0m  [1m[35mBEGIN[0m
  ↳ bin/rails:9
  [1m[35m (30.2ms)[0m  [1m[35mCREATE TABLE "bands" ("id" bigserial primary key, "name" character varying NOT NULL, "created_at" timestamp NOT NULL, "updated_at" timestamp NOT NULL)[0m
  ↳ db/migrate/20210304045526_create_bands.rb:3
  [1m[35m (1.3ms)[0m  [1m[35mCREATE UNIQUE INDEX  "index_bands_on_name" ON "bands"  ("name")[0m
  ↳ db/migrate/20210304045526_create_bands.rb:9
  [1m[36mActiveRecord::SchemaMigration Create (0.6ms)[0m  [1m[32mINSERT INTO "schema_migrations" ("version") VALUES ($1) RETURNING "version"[0m  [["version", "20210304045526"]]
  ↳ bin/rails:9
  [1m[35m (1.4ms)[0m  [1m[35mCOMMIT[0m
  ↳ bin/rails:9
  [1m[36mActiveRecord::InternalMetadata Load (1.2ms)[0m  [1m[34mSELECT  "ar_internal_metadata".* FROM "ar_internal_metadata" WHERE "ar_internal_metadata"."key" = $1 LIMIT $2[0m  [["key", "environment"], ["LIMIT", 1]]
  ↳ bin/rails:9
  [1m[35m (12.3ms)[0m  [1m[35mBEGIN[0m
  ↳ bin/rails:9
  [1m[35m (0.2ms)[0m  [1m[35mCOMMIT[0m
  ↳ bin/rails:9
  [1m[35m (0.3ms)[0m  [1m[34mSELECT pg_advisory_unlock(5012713500200211225)[0m
  ↳ bin/rails:9
  [1m[35m (0.3ms)[0m  [1m[34mSELECT "schema_migrations"."version" FROM "schema_migrations" ORDER BY "schema_migrations"."version" ASC[0m
  ↳ bin/rails:9
